app/build/intermediates/manifest_merge_blame_file/debug/manifest-merger-blame-debug-report.txt
1<?xml version="1.0" encoding="utf-8"?>
2<manifest xmlns:android="http://schemas.android.com/apk/res/android"
3    package="com.google.mlkit.vision.demo"
4    android:installLocation="auto"
5    android:versionCode="11"
6    android:versionName="1.11" >
7    <!--
8 CameraX libraries require minSdkVersion 21, while this quickstart app
9    supports low to 19. Needs to use overrideLibrary to make the merger tool
10    ignore this conflict and import the libraries while keeping the app's lower
11    minSdkVersion value. In code, will check SDK version, before calling CameraX
12    APIs.
13    -->
14    <uses-sdk
14-->src\main\AndroidManifest.xml:13:5-157
15        android:minSdkVersion="19"
15-->src\main\AndroidManifest.xml:13:5-157
16        android:targetSdkVersion="31" />
16-->src\main\AndroidManifest.xml:13:5-157
17
18    <uses-feature android:name="android.hardware.camera" />
18-->src\main\AndroidManifest.xml:15:5-60
18-->src\main\AndroidManifest.xml:15:19-57
19
20    <uses-permission android:name="android.permission.INTERNET" />
20-->src\main\AndroidManifest.xml:17:5-67
20-->src\main\AndroidManifest.xml:17:22-64
21    <uses-permission android:name="android.permission.WRITE_EXTERNAL_STORAGE" />
21-->src\main\AndroidManifest.xml:18:5-81
21-->src\main\AndroidManifest.xml:18:22-78
22    <uses-permission android:name="android.permission.READ_EXTERNAL_STORAGE" />
22-->src\main\AndroidManifest.xml:19:5-80
22-->src\main\AndroidManifest.xml:19:22-77
23    <uses-permission android:name="android.permission.CAMERA" />
23-->src\main\AndroidManifest.xml:20:5-65
23-->src\main\AndroidManifest.xml:20:22-62
24
25    <queries>
25-->src\main\AndroidManifest.xml:22:5-26:15
26        <intent>
26-->src\main\AndroidManifest.xml:23:9-25:18
27            <action android:name="android.media.action.IMAGE_CAPTURE" />
27-->src\main\AndroidManifest.xml:24:13-73
27-->src\main\AndroidManifest.xml:24:21-70
28        </intent>
29    </queries>
30
31    <!-- For remote config -->
32    <uses-permission android:name="android.permission.ACCESS_NETWORK_STATE" />
32-->[com.google.mlkit:pose-detection-common:18.0.0-beta3] AndroidManifest.xml:7:5-79
32-->[com.google.mlkit:pose-detection-common:18.0.0-beta3] AndroidManifest.xml:7:22-76
33    <uses-permission android:name="android.permission.WAKE_LOCK" />
33-->[androidx.work:work-runtime:2.7.0] AndroidManifest.xml:25:5-68
33-->[androidx.work:work-runtime:2.7.0] AndroidManifest.xml:25:22-65
34    <uses-permission android:name="android.permission.RECEIVE_BOOT_COMPLETED" />
34-->[androidx.work:work-runtime:2.7.0] AndroidManifest.xml:27:5-81
34-->[androidx.work:work-runtime:2.7.0] AndroidManifest.xml:27:22-78
35    <uses-permission android:name="android.permission.FOREGROUND_SERVICE" />
35-->[androidx.work:work-runtime:2.7.0] AndroidManifest.xml:28:5-77
35-->[androidx.work:work-runtime:2.7.0] AndroidManifest.xml:28:22-74
36
37    <application
37-->src\main\AndroidManifest.xml:28:5-112:19
38        android:name="androidx.multidex.MultiDexApplication"
38-->src\main\AndroidManifest.xml:29:9-61
39        android:appComponentFactory="androidx.core.app.CoreComponentFactory"
39-->[androidx.core:core:1.8.0] AndroidManifest.xml:24:18-86
40        android:debuggable="true"
41        android:icon="@drawable/logo_mlkit"
41-->src\main\AndroidManifest.xml:30:9-44
42        android:label="@string/app_name"
42-->src\main\AndroidManifest.xml:31:9-41
43        android:supportsRtl="true"
43-->src\main\AndroidManifest.xml:32:9-35
44        android:testOnly="true"
45        android:theme="@style/Theme.AppCompat" >
45-->src\main\AndroidManifest.xml:33:9-47
46        <activity
46-->src\main\AndroidManifest.xml:34:9-48:20
47            android:name="com.google.mlkit.vision.demo.MainActivity"
47-->src\main\AndroidManifest.xml:35:13-41
48            android:exported="true"
48-->src\main\AndroidManifest.xml:36:13-36
49            android:theme="@style/AppTheme.NoActionBar" >
49-->src\main\AndroidManifest.xml:37:13-56
50            <intent-filter>
50-->src\main\AndroidManifest.xml:39:13-43:29
51                <action android:name="android.intent.action.MAIN" />
51-->src\main\AndroidManifest.xml:40:17-69
51-->src\main\AndroidManifest.xml:40:25-66
52
53                <category android:name="android.intent.category.LAUNCHER" />
53-->src\main\AndroidManifest.xml:42:17-77
53-->src\main\AndroidManifest.xml:42:27-74
54            </intent-filter>
55
56            <meta-data
56-->src\main\AndroidManifest.xml:45:13-47:36
57                android:name="android.app.lib_name"
57-->src\main\AndroidManifest.xml:46:17-52
58                android:value="" />
58-->src\main\AndroidManifest.xml:47:17-33
59        </activity>
60
61        <meta-data
61-->src\main\AndroidManifest.xml:50:9-52:69
62            android:name="com.google.android.gms.version"
62-->src\main\AndroidManifest.xml:51:13-58
63            android:value="@integer/google_play_services_version" />
63-->src\main\AndroidManifest.xml:52:13-66
64        <!--
65 Optional: Add it to automatically download ML model to device after
66          your app is installed.
67        -->
68        <meta-data
68-->src\main\AndroidManifest.xml:57:9-59:63
69            android:name="com.google.mlkit.vision.DEPENDENCIES"
69-->src\main\AndroidManifest.xml:58:13-64
70            android:value="barcode,face,ocr,ica,custom_ica" />
70-->src\main\AndroidManifest.xml:59:13-60
71
72        <activity
72-->src\main\AndroidManifest.xml:61:9-70:20
73            android:name="com.google.mlkit.vision.demo.EntryChoiceActivity"
73-->src\main\AndroidManifest.xml:62:13-48
74            android:exported="true"
74-->src\main\AndroidManifest.xml:63:13-36
75            android:theme="@style/AppTheme" >
75-->src\main\AndroidManifest.xml:64:13-44
76            <intent-filter>
76-->src\main\AndroidManifest.xml:39:13-43:29
77                <action android:name="android.intent.action.MAIN" />
77-->src\main\AndroidManifest.xml:40:17-69
77-->src\main\AndroidManifest.xml:40:25-66
78
79                <category android:name="android.intent.category.LAUNCHER" />
79-->src\main\AndroidManifest.xml:42:17-77
79-->src\main\AndroidManifest.xml:42:27-74
80            </intent-filter>
81        </activity>
82        <activity
82-->src\main\AndroidManifest.xml:71:9-73:40
83            android:name="com.google.mlkit.vision.demo.java.ChooserActivity"
83-->src\main\AndroidManifest.xml:72:13-49
84            android:exported="false" />
84-->src\main\AndroidManifest.xml:73:13-37
85        <activity
85-->src\main\AndroidManifest.xml:74:9-77:47
86            android:name="com.google.mlkit.vision.demo.java.LivePreviewActivity"
86-->src\main\AndroidManifest.xml:75:13-53
87            android:exported="false"
87-->src\main\AndroidManifest.xml:76:13-37
88            android:theme="@style/AppTheme" />
88-->src\main\AndroidManifest.xml:77:13-44
89        <activity
89-->src\main\AndroidManifest.xml:78:9-81:47
90            android:name="com.google.mlkit.vision.demo.java.CameraXLivePreviewActivity"
90-->src\main\AndroidManifest.xml:79:13-60
91            android:exported="false"
91-->src\main\AndroidManifest.xml:80:13-37
92            android:theme="@style/AppTheme" />
92-->src\main\AndroidManifest.xml:81:13-44
93        <activity
93-->src\main\AndroidManifest.xml:82:9-85:47
94            android:name="com.google.mlkit.vision.demo.java.CameraXSourceDemoActivity"
94-->src\main\AndroidManifest.xml:83:13-59
95            android:exported="false"
95-->src\main\AndroidManifest.xml:84:13-37
96            android:theme="@style/AppTheme" />
96-->src\main\AndroidManifest.xml:85:13-44
97        <activity
97-->src\main\AndroidManifest.xml:86:9-89:47
98            android:name="com.google.mlkit.vision.demo.java.StillImageActivity"
98-->src\main\AndroidManifest.xml:87:13-52
99            android:exported="false"
99-->src\main\AndroidManifest.xml:88:13-37
100            android:theme="@style/AppTheme" />
100-->src\main\AndroidManifest.xml:89:13-44
101        <activity
101-->src\main\AndroidManifest.xml:90:9-92:40
102            android:name="com.google.mlkit.vision.demo.kotlin.ChooserActivity"
102-->src\main\AndroidManifest.xml:91:13-51
103            android:exported="false" />
103-->src\main\AndroidManifest.xml:92:13-37
104        <activity
104-->src\main\AndroidManifest.xml:93:9-96:47
105            android:name="com.google.mlkit.vision.demo.kotlin.LivePreviewActivity"
105-->src\main\AndroidManifest.xml:94:13-55
106            android:exported="false"
106-->src\main\AndroidManifest.xml:95:13-37
107            android:theme="@style/AppTheme" />
107-->src\main\AndroidManifest.xml:96:13-44
108        <activity
108-->src\main\AndroidManifest.xml:97:9-100:47
109            android:name="com.google.mlkit.vision.demo.kotlin.CameraXLivePreviewActivity"
109-->src\main\AndroidManifest.xml:98:13-62
110            android:exported="false"
110-->src\main\AndroidManifest.xml:99:13-37
111            android:theme="@style/AppTheme" />
111-->src\main\AndroidManifest.xml:100:13-44
112        <activity
112-->src\main\AndroidManifest.xml:101:9-104:47
113            android:name="com.google.mlkit.vision.demo.kotlin.CameraXSourceDemoActivity"
113-->src\main\AndroidManifest.xml:102:13-61
114            android:exported="false"
114-->src\main\AndroidManifest.xml:103:13-37
115            android:theme="@style/AppTheme" />
115-->src\main\AndroidManifest.xml:104:13-44
116        <activity
116-->src\main\AndroidManifest.xml:105:9-108:47
117            android:name="com.google.mlkit.vision.demo.kotlin.StillImageActivity"
117-->src\main\AndroidManifest.xml:106:13-54
118            android:exported="false"
118-->src\main\AndroidManifest.xml:107:13-37
119            android:theme="@style/AppTheme" />
119-->src\main\AndroidManifest.xml:108:13-44
120        <activity
120-->src\main\AndroidManifest.xml:109:9-111:40
121            android:name="com.google.mlkit.vision.demo.preference.SettingsActivity"
121-->src\main\AndroidManifest.xml:110:13-56
122            android:exported="false" />
122-->src\main\AndroidManifest.xml:111:13-37
123        <!--
124             Required for ML Kit Pose Detection GPU acceleration. Applications that target Android
125             S+ require explicit declaration of any referenced vendor-provided libraries.
126        -->
127        <uses-native-library
127-->[com.google.mlkit:pose-detection-common:18.0.0-beta3] AndroidManifest.xml:16:9-18:40
128            android:name="libOpenCL.so"
128-->[com.google.mlkit:pose-detection-common:18.0.0-beta3] AndroidManifest.xml:17:13-40
129            android:required="false" />
129-->[com.google.mlkit:pose-detection-common:18.0.0-beta3] AndroidManifest.xml:18:13-37
130        <uses-native-library
130-->[com.google.mlkit:pose-detection-common:18.0.0-beta3] AndroidManifest.xml:16:9-18:40
131            android:name="libOpenCL-car.so"
131-->[com.google.mlkit:pose-detection-common:18.0.0-beta3] AndroidManifest.xml:17:13-40
132            android:required="false" />
132-->[com.google.mlkit:pose-detection-common:18.0.0-beta3] AndroidManifest.xml:18:13-37
133        <uses-native-library
133-->[com.google.mlkit:pose-detection-common:18.0.0-beta3] AndroidManifest.xml:16:9-18:40
134            android:name="libOpenCL-pixel.so"
134-->[com.google.mlkit:pose-detection-common:18.0.0-beta3] AndroidManifest.xml:17:13-40
135            android:required="false" />
135-->[com.google.mlkit:pose-detection-common:18.0.0-beta3] AndroidManifest.xml:18:13-37
136
137        <service
137-->[com.google.mlkit:pose-detection-common:18.0.0-beta3] AndroidManifest.xml:26:9-32:19
138            android:name="com.google.mlkit.common.internal.MlKitComponentDiscoveryService"
138-->[com.google.mlkit:pose-detection-common:18.0.0-beta3] AndroidManifest.xml:27:13-91
139            android:directBootAware="true"
139-->[com.google.mlkit:common:18.5.0] AndroidManifest.xml:17:13-43
140            android:exported="false" >
140-->[com.google.mlkit:pose-detection-common:18.0.0-beta3] AndroidManifest.xml:28:13-37
141            <meta-data
141-->[com.google.mlkit:pose-detection-common:18.0.0-beta3] AndroidManifest.xml:29:13-31:85
142                android:name="com.google.firebase.components:com.google.mlkit.vision.pose.internal.PoseRegistrar"
142-->[com.google.mlkit:pose-detection-common:18.0.0-beta3] AndroidManifest.xml:30:17-114
143                android:value="com.google.firebase.components.ComponentRegistrar" />
143-->[com.google.mlkit:pose-detection-common:18.0.0-beta3] AndroidManifest.xml:31:17-82
144            <meta-data
144-->[com.google.mlkit:object-detection:17.0.0] AndroidManifest.xml:14:13-16:85
145                android:name="com.google.firebase.components:com.google.mlkit.vision.objects.defaults.internal.DefaultObjectsRegistrar"
145-->[com.google.mlkit:object-detection:17.0.0] AndroidManifest.xml:15:17-136
146                android:value="com.google.firebase.components.ComponentRegistrar" />
146-->[com.google.mlkit:object-detection:17.0.0] AndroidManifest.xml:16:17-82
147            <meta-data
147-->[com.google.mlkit:object-detection-custom:17.0.0] AndroidManifest.xml:11:13-13:85
148                android:name="com.google.firebase.components:com.google.mlkit.vision.objects.custom.internal.CustomObjectsRegistrar"
148-->[com.google.mlkit:object-detection-custom:17.0.0] AndroidManifest.xml:12:17-133
149                android:value="com.google.firebase.components.ComponentRegistrar" />
149-->[com.google.mlkit:object-detection-custom:17.0.0] AndroidManifest.xml:13:17-82
150            <meta-data
150-->[com.google.mlkit:image-labeling:17.0.7] AndroidManifest.xml:11:13-13:85
151                android:name="com.google.firebase.components:com.google.mlkit.vision.label.defaults.internal.BundledLabelRegistrar"
151-->[com.google.mlkit:image-labeling:17.0.7] AndroidManifest.xml:12:17-132
152                android:value="com.google.firebase.components.ComponentRegistrar" />
152-->[com.google.mlkit:image-labeling:17.0.7] AndroidManifest.xml:13:17-82
153            <meta-data
153-->[com.google.mlkit:image-labeling-custom:17.0.1] AndroidManifest.xml:11:13-13:85
154                android:name="com.google.firebase.components:com.google.mlkit.vision.label.custom.internal.CustomLabelRegistrar"
154-->[com.google.mlkit:image-labeling-custom:17.0.1] AndroidManifest.xml:12:17-129
155                android:value="com.google.firebase.components.ComponentRegistrar" />
155-->[com.google.mlkit:image-labeling-custom:17.0.1] AndroidManifest.xml:13:17-82
156            <meta-data
156-->[com.google.mlkit:segmentation-selfie:16.0.0-beta4] AndroidManifest.xml:12:13-14:85
157                android:name="com.google.firebase.components:com.google.mlkit.vision.segmentation.internal.SegmentationRegistrar"
157-->[com.google.mlkit:segmentation-selfie:16.0.0-beta4] AndroidManifest.xml:13:17-130
158                android:value="com.google.firebase.components.ComponentRegistrar" />
158-->[com.google.mlkit:segmentation-selfie:16.0.0-beta4] AndroidManifest.xml:14:17-82
159            <meta-data
159-->[com.google.mlkit:face-mesh-detection:16.0.0-beta1] AndroidManifest.xml:11:13-13:85
160                android:name="com.google.firebase.components:com.google.mlkit.vision.facemesh.internal.FaceMeshRegistrar"
160-->[com.google.mlkit:face-mesh-detection:16.0.0-beta1] AndroidManifest.xml:12:17-122
161                android:value="com.google.firebase.components.ComponentRegistrar" />
161-->[com.google.mlkit:face-mesh-detection:16.0.0-beta1] AndroidManifest.xml:13:17-82
162            <meta-data
162-->[com.google.android.gms:play-services-mlkit-barcode-scanning:18.0.0] AndroidManifest.xml:12:13-14:85
163                android:name="com.google.firebase.components:com.google.mlkit.vision.barcode.internal.BarcodeRegistrar"
163-->[com.google.android.gms:play-services-mlkit-barcode-scanning:18.0.0] AndroidManifest.xml:13:17-120
164                android:value="com.google.firebase.components.ComponentRegistrar" />
164-->[com.google.android.gms:play-services-mlkit-barcode-scanning:18.0.0] AndroidManifest.xml:14:17-82
165            <meta-data
165-->[com.google.mlkit:vision-internal-vkp:18.2.2] AndroidManifest.xml:14:13-16:85
166                android:name="com.google.firebase.components:com.google.mlkit.vision.vkp.VkpRegistrar"
166-->[com.google.mlkit:vision-internal-vkp:18.2.2] AndroidManifest.xml:15:17-103
167                android:value="com.google.firebase.components.ComponentRegistrar" />
167-->[com.google.mlkit:vision-internal-vkp:18.2.2] AndroidManifest.xml:16:17-82
168            <meta-data
168-->[com.google.android.gms:play-services-mlkit-face-detection:17.0.1] AndroidManifest.xml:12:13-14:85
169                android:name="com.google.firebase.components:com.google.mlkit.vision.face.internal.FaceRegistrar"
169-->[com.google.android.gms:play-services-mlkit-face-detection:17.0.1] AndroidManifest.xml:13:17-114
170                android:value="com.google.firebase.components.ComponentRegistrar" />
170-->[com.google.android.gms:play-services-mlkit-face-detection:17.0.1] AndroidManifest.xml:14:17-82
171            <meta-data
171-->[com.google.android.gms:play-services-mlkit-text-recognition-common:18.0.0] AndroidManifest.xml:12:13-14:85
172                android:name="com.google.firebase.components:com.google.mlkit.vision.text.internal.TextRegistrar"
172-->[com.google.android.gms:play-services-mlkit-text-recognition-common:18.0.0] AndroidManifest.xml:13:17-114
173                android:value="com.google.firebase.components.ComponentRegistrar" />
173-->[com.google.android.gms:play-services-mlkit-text-recognition-common:18.0.0] AndroidManifest.xml:14:17-82
174            <meta-data
174-->[com.google.mlkit:vision-common:17.2.1] AndroidManifest.xml:12:13-14:85
175                android:name="com.google.firebase.components:com.google.mlkit.vision.common.internal.VisionCommonRegistrar"
175-->[com.google.mlkit:vision-common:17.2.1] AndroidManifest.xml:13:17-124
176                android:value="com.google.firebase.components.ComponentRegistrar" />
176-->[com.google.mlkit:vision-common:17.2.1] AndroidManifest.xml:14:17-82
177            <meta-data
177-->[com.google.mlkit:common:18.5.0] AndroidManifest.xml:20:13-22:85
178                android:name="com.google.firebase.components:com.google.mlkit.common.internal.CommonComponentRegistrar"
178-->[com.google.mlkit:common:18.5.0] AndroidManifest.xml:21:17-120
179                android:value="com.google.firebase.components.ComponentRegistrar" />
179-->[com.google.mlkit:common:18.5.0] AndroidManifest.xml:22:17-82
180        </service>
181        <service
181-->[com.google.mlkit:acceleration:16.0.0-beta1] AndroidManifest.xml:8:9-11:68
182            android:name="com.google.mlkit.acceleration.internal.MlKitRemoteWorkerService"
182-->[com.google.mlkit:acceleration:16.0.0-beta1] AndroidManifest.xml:9:13-91
183            android:exported="false"
183-->[com.google.mlkit:acceleration:16.0.0-beta1] AndroidManifest.xml:10:13-37
184            android:process=":mlkit_acceleration_mini_benchmark" />
184-->[com.google.mlkit:acceleration:16.0.0-beta1] AndroidManifest.xml:11:13-65
185        <service
185-->[androidx.work:work-multiprocess:2.7.0] AndroidManifest.xml:25:9-27:40
186            android:name="androidx.work.multiprocess.RemoteWorkManagerService"
186-->[androidx.work:work-multiprocess:2.7.0] AndroidManifest.xml:26:13-79
187            android:exported="false" />
187-->[androidx.work:work-multiprocess:2.7.0] AndroidManifest.xml:27:13-37
188
189        <uses-library
189-->[androidx.window:window:1.0.0] AndroidManifest.xml:25:9-27:40
190            android:name="androidx.window.extensions"
190-->[androidx.window:window:1.0.0] AndroidManifest.xml:26:13-54
191            android:required="false" />
191-->[androidx.window:window:1.0.0] AndroidManifest.xml:27:13-37
192        <uses-library
192-->[androidx.window:window:1.0.0] AndroidManifest.xml:28:9-30:40
193            android:name="androidx.window.sidecar"
193-->[androidx.window:window:1.0.0] AndroidManifest.xml:29:13-51
194            android:required="false" />
194-->[androidx.window:window:1.0.0] AndroidManifest.xml:30:13-37
195
196        <provider
196-->[com.google.mlkit:common:18.5.0] AndroidManifest.xml:9:9-13:38
197            android:name="com.google.mlkit.common.internal.MlKitInitProvider"
197-->[com.google.mlkit:common:18.5.0] AndroidManifest.xml:10:13-78
198            android:authorities="com.google.mlkit.vision.demo.mlkitinitprovider"
198-->[com.google.mlkit:common:18.5.0] AndroidManifest.xml:11:13-69
199            android:exported="false"
199-->[com.google.mlkit:common:18.5.0] AndroidManifest.xml:12:13-37
200            android:initOrder="99" />
200-->[com.google.mlkit:common:18.5.0] AndroidManifest.xml:13:13-35
201
202        <activity
202-->[com.google.android.gms:play-services-base:18.1.0] AndroidManifest.xml:20:9-22:45
203            android:name="com.google.android.gms.common.api.GoogleApiActivity"
203-->[com.google.android.gms:play-services-base:18.1.0] AndroidManifest.xml:20:19-85
204            android:exported="false"
204-->[com.google.android.gms:play-services-base:18.1.0] AndroidManifest.xml:22:19-43
205            android:theme="@android:style/Theme.Translucent.NoTitleBar" />
205-->[com.google.android.gms:play-services-base:18.1.0] AndroidManifest.xml:21:19-78
206
207        <provider
207-->[androidx.work:work-runtime:2.7.0] AndroidManifest.xml:31:9-39:20
208            android:name="androidx.startup.InitializationProvider"
208-->[androidx.work:work-runtime:2.7.0] AndroidManifest.xml:32:13-67
209            android:authorities="com.google.mlkit.vision.demo.androidx-startup"
209-->[androidx.work:work-runtime:2.7.0] AndroidManifest.xml:33:13-68
210            android:exported="false" >
210-->[androidx.work:work-runtime:2.7.0] AndroidManifest.xml:34:13-37
211            <meta-data
211-->[androidx.work:work-runtime:2.7.0] AndroidManifest.xml:36:13-38:52
212                android:name="androidx.work.WorkManagerInitializer"
212-->[androidx.work:work-runtime:2.7.0] AndroidManifest.xml:37:17-68
213                android:value="androidx.startup" />
213-->[androidx.work:work-runtime:2.7.0] AndroidManifest.xml:38:17-49
214        </provider>
215
216        <service
216-->[androidx.work:work-runtime:2.7.0] AndroidManifest.xml:41:9-46:35
217            android:name="androidx.work.impl.background.systemalarm.SystemAlarmService"
217-->[androidx.work:work-runtime:2.7.0] AndroidManifest.xml:42:13-88
218            android:directBootAware="false"
218-->[androidx.work:work-runtime:2.7.0] AndroidManifest.xml:43:13-44
219            android:enabled="@bool/enable_system_alarm_service_default"
219-->[androidx.work:work-runtime:2.7.0] AndroidManifest.xml:44:13-72
220            android:exported="false" />
220-->[androidx.work:work-runtime:2.7.0] AndroidManifest.xml:45:13-37
221        <service
221-->[androidx.work:work-runtime:2.7.0] AndroidManifest.xml:47:9-53:35
222            android:name="androidx.work.impl.background.systemjob.SystemJobService"
222-->[androidx.work:work-runtime:2.7.0] AndroidManifest.xml:48:13-84
223            android:directBootAware="false"
223-->[androidx.work:work-runtime:2.7.0] AndroidManifest.xml:49:13-44
224            android:enabled="@bool/enable_system_job_service_default"
224-->[androidx.work:work-runtime:2.7.0] AndroidManifest.xml:50:13-70
225            android:exported="true"
225-->[androidx.work:work-runtime:2.7.0] AndroidManifest.xml:51:13-36
226            android:permission="android.permission.BIND_JOB_SERVICE" />
226-->[androidx.work:work-runtime:2.7.0] AndroidManifest.xml:52:13-69
227        <service
227-->[androidx.work:work-runtime:2.7.0] AndroidManifest.xml:54:9-59:35
228            android:name="androidx.work.impl.foreground.SystemForegroundService"
228-->[androidx.work:work-runtime:2.7.0] AndroidManifest.xml:55:13-81
229            android:directBootAware="false"
229-->[androidx.work:work-runtime:2.7.0] AndroidManifest.xml:56:13-44
230            android:enabled="@bool/enable_system_foreground_service_default"
230-->[androidx.work:work-runtime:2.7.0] AndroidManifest.xml:57:13-77
231            android:exported="false" />
231-->[androidx.work:work-runtime:2.7.0] AndroidManifest.xml:58:13-37
232
233        <receiver
233-->[androidx.work:work-runtime:2.7.0] AndroidManifest.xml:61:9-66:35
234            android:name="androidx.work.impl.utils.ForceStopRunnable$BroadcastReceiver"
234-->[androidx.work:work-runtime:2.7.0] AndroidManifest.xml:62:13-88
235            android:directBootAware="false"
235-->[androidx.work:work-runtime:2.7.0] AndroidManifest.xml:63:13-44
236            android:enabled="true"
236-->[androidx.work:work-runtime:2.7.0] AndroidManifest.xml:64:13-35
237            android:exported="false" />
237-->[androidx.work:work-runtime:2.7.0] AndroidManifest.xml:65:13-37
238        <receiver
238-->[androidx.work:work-runtime:2.7.0] AndroidManifest.xml:67:9-77:20
239            android:name="androidx.work.impl.background.systemalarm.ConstraintProxy$BatteryChargingProxy"
239-->[androidx.work:work-runtime:2.7.0] AndroidManifest.xml:68:13-106
240            android:directBootAware="false"
240-->[androidx.work:work-runtime:2.7.0] AndroidManifest.xml:69:13-44
241            android:enabled="false"
241-->[androidx.work:work-runtime:2.7.0] AndroidManifest.xml:70:13-36
242            android:exported="false" >
242-->[androidx.work:work-runtime:2.7.0] AndroidManifest.xml:71:13-37
243            <intent-filter>
243-->[androidx.work:work-runtime:2.7.0] AndroidManifest.xml:73:13-76:29
244                <action android:name="android.intent.action.ACTION_POWER_CONNECTED" />
244-->[androidx.work:work-runtime:2.7.0] AndroidManifest.xml:74:17-87
244-->[androidx.work:work-runtime:2.7.0] AndroidManifest.xml:74:25-84
245                <action android:name="android.intent.action.ACTION_POWER_DISCONNECTED" />
245-->[androidx.work:work-runtime:2.7.0] AndroidManifest.xml:75:17-90
245-->[androidx.work:work-runtime:2.7.0] AndroidManifest.xml:75:25-87
246            </intent-filter>
247        </receiver>
248        <receiver
248-->[androidx.work:work-runtime:2.7.0] AndroidManifest.xml:78:9-88:20
249            android:name="androidx.work.impl.background.systemalarm.ConstraintProxy$BatteryNotLowProxy"
249-->[androidx.work:work-runtime:2.7.0] AndroidManifest.xml:79:13-104
250            android:directBootAware="false"
250-->[androidx.work:work-runtime:2.7.0] AndroidManifest.xml:80:13-44
251            android:enabled="false"
251-->[androidx.work:work-runtime:2.7.0] AndroidManifest.xml:81:13-36
252            android:exported="false" >
252-->[androidx.work:work-runtime:2.7.0] AndroidManifest.xml:82:13-37
253            <intent-filter>
253-->[androidx.work:work-runtime:2.7.0] AndroidManifest.xml:84:13-87:29
254                <action android:name="android.intent.action.BATTERY_OKAY" />
254-->[androidx.work:work-runtime:2.7.0] AndroidManifest.xml:85:17-77
254-->[androidx.work:work-runtime:2.7.0] AndroidManifest.xml:85:25-74
255                <action android:name="android.intent.action.BATTERY_LOW" />
255-->[androidx.work:work-runtime:2.7.0] AndroidManifest.xml:86:17-76
255-->[androidx.work:work-runtime:2.7.0] AndroidManifest.xml:86:25-73
256            </intent-filter>
257        </receiver>
258        <receiver
258-->[androidx.work:work-runtime:2.7.0] AndroidManifest.xml:89:9-99:20
259            android:name="androidx.work.impl.background.systemalarm.ConstraintProxy$StorageNotLowProxy"
259-->[androidx.work:work-runtime:2.7.0] AndroidManifest.xml:90:13-104
260            android:directBootAware="false"
260-->[androidx.work:work-runtime:2.7.0] AndroidManifest.xml:91:13-44
261            android:enabled="false"
261-->[androidx.work:work-runtime:2.7.0] AndroidManifest.xml:92:13-36
262            android:exported="false" >
262-->[androidx.work:work-runtime:2.7.0] AndroidManifest.xml:93:13-37
263            <intent-filter>
263-->[androidx.work:work-runtime:2.7.0] AndroidManifest.xml:95:13-98:29
264                <action android:name="android.intent.action.DEVICE_STORAGE_LOW" />
264-->[androidx.work:work-runtime:2.7.0] AndroidManifest.xml:96:17-83
264-->[androidx.work:work-runtime:2.7.0] AndroidManifest.xml:96:25-80
265                <action android:name="android.intent.action.DEVICE_STORAGE_OK" />
265-->[androidx.work:work-runtime:2.7.0] AndroidManifest.xml:97:17-82
265-->[androidx.work:work-runtime:2.7.0] AndroidManifest.xml:97:25-79
266            </intent-filter>
267        </receiver>
268        <receiver
268-->[androidx.work:work-runtime:2.7.0] AndroidManifest.xml:100:9-109:20
269            android:name="androidx.work.impl.background.systemalarm.ConstraintProxy$NetworkStateProxy"
269-->[androidx.work:work-runtime:2.7.0] AndroidManifest.xml:101:13-103
270            android:directBootAware="false"
270-->[androidx.work:work-runtime:2.7.0] AndroidManifest.xml:102:13-44
271            android:enabled="false"
271-->[androidx.work:work-runtime:2.7.0] AndroidManifest.xml:103:13-36
272            android:exported="false" >
272-->[androidx.work:work-runtime:2.7.0] AndroidManifest.xml:104:13-37
273            <intent-filter>
273-->[androidx.work:work-runtime:2.7.0] AndroidManifest.xml:106:13-108:29
274                <action android:name="android.net.conn.CONNECTIVITY_CHANGE" />
274-->[androidx.work:work-runtime:2.7.0] AndroidManifest.xml:107:17-79
274-->[androidx.work:work-runtime:2.7.0] AndroidManifest.xml:107:25-76
275            </intent-filter>
276        </receiver>
277        <receiver
277-->[androidx.work:work-runtime:2.7.0] AndroidManifest.xml:110:9-121:20
278            android:name="androidx.work.impl.background.systemalarm.RescheduleReceiver"
278-->[androidx.work:work-runtime:2.7.0] AndroidManifest.xml:111:13-88
279            android:directBootAware="false"
279-->[androidx.work:work-runtime:2.7.0] AndroidManifest.xml:112:13-44
280            android:enabled="false"
280-->[androidx.work:work-runtime:2.7.0] AndroidManifest.xml:113:13-36
281            android:exported="false" >